- PublishError: 860c594c-8be9-4386-a574-08b67a17787c nodejs-tea npm:

[message] Command failed: npm publish --access=public
npm notice 
npm notice 📦  @alicloud/cs20151215@1.4.1
npm notice === Tarball Contents === 
npm notice 759B    package.json      
npm notice 66.5kB  dist/client.d.ts  
npm notice 109.3kB dist/client.js    
npm notice 83.6kB  dist/client.js.map
npm notice 120.5kB src/client.ts     
npm notice === Tarball Details === 
npm notice name:          @alicloud/cs20151215                    
npm notice version:       1.4.1                                   
npm notice package size:  28.9 kB                                 
npm notice unpacked size: 380.7 kB                                
npm notice shasum:        e0ef787b8b21b79871f7faa770a706aca3bd4fe4
npm notice integrity:     sha512-BSbQ8VpZMf4IT[...]U/cPX+AYbfLUw==
npm notice total files:   5                                       
npm notice 
npm ERR! publish Failed PUT 403
npm ERR! code E403
npm ERR! You cannot publish over the previously published versions: 1.4.1. : @alicloud/cs20151215

npm ERR! A complete log of this run can be found in:
npm ERR!     /home/admin/.npm/_logs/2020-07-06T02_35_36_687Z-debug.log


[stdout] 
> @alicloud/cs20151215@1.4.1 prepublishOnly .
> tsc



[stderr] npm notice 
npm notice 📦  @alicloud/cs20151215@1.4.1
npm notice === Tarball Contents === 
npm notice 759B    package.json      
npm notice 66.5kB  dist/client.d.ts  
npm notice 109.3kB dist/client.js    
npm notice 83.6kB  dist/client.js.map
npm notice 120.5kB src/client.ts     
npm notice === Tarball Details === 
npm notice name:          @alicloud/cs20151215                    
npm notice version:       1.4.1                                   
npm notice package size:  28.9 kB                                 
npm notice unpacked size: 380.7 kB                                
npm notice shasum:        e0ef787b8b21b79871f7faa770a706aca3bd4fe4
npm notice integrity:     sha512-BSbQ8VpZMf4IT[...]U/cPX+AYbfLUw==
npm notice total files:   5                                       
npm notice 
npm ERR! publish Failed PUT 403
npm ERR! code E403
npm ERR! You cannot publish over the previously published versions: 1.4.1. : @alicloud/cs20151215

npm ERR! A complete log of this run can be found in:
npm ERR!     /home/admin/.npm/_logs/2020-07-06T02_35_36_687Z-debug.log


-----------------

