- PublishError: c615c5c9-36fe-4a8f-8358-1f5ea8becd56 java-tea oss:

[message] Command failed: mvn package


[stdout] [INFO] Scanning for projects...
[INFO] Inspecting build with total of 1 modules...
[INFO] Installing Nexus Staging features:
[INFO]   ... total of 1 executions of maven-deploy-plugin replaced with nexus-staging-maven-plugin
[INFO] 
[INFO] --------------------< com.aliyun:facebody20191230 >---------------------
[INFO] Building facebody20191230 0.2.6
[INFO] --------------------------------[ jar ]---------------------------------
[WARNING] The POM for com.aliyun:openplatform20191219:jar:0.0.1 is missing, no dependency information available
[INFO] ------------------------------------------------------------------------
[INFO] BUILD FAILURE
[INFO] ------------------------------------------------------------------------
[INFO] Total time:  1.793 s
[INFO] Finished at: 2020-07-02T14:22:04+08:00
[INFO] ------------------------------------------------------------------------
[ERROR] Failed to execute goal on project facebody20191230: Could not resolve dependencies for project com.aliyun:facebody20191230:jar:0.2.6: Failure to find com.aliyun:openplatform20191219:jar:0.0.1 in https://maven.aliyun.com/nexus/content/groups/public/ was cached in the local repository, resolution will not be reattempted until the update interval of central has elapsed or updates are forced -> [Help 1]
[ERROR] 
[ERROR] To see the full stack trace of the errors, re-run Maven with the -e switch.
[ERROR] Re-run Maven using the -X switch to enable full debug logging.
[ERROR] 
[ERROR] For more information about the errors and possible solutions, please read the following articles:
[ERROR] [Help 1] http://cwiki.apache.org/confluence/display/MAVEN/DependencyResolutionException


[stderr] 

-----------------

- PublishError: c615c5c9-36fe-4a8f-8358-1f5ea8becd56 java-tea maven:

[message] Command failed: mvn clean source:jar javadoc:jar package deploy -Dmaven.test.skip=true


[stdout] [INFO] Scanning for projects...
[INFO] Inspecting build with total of 1 modules...
[INFO] Installing Nexus Staging features:
[INFO]   ... total of 1 executions of maven-deploy-plugin replaced with nexus-staging-maven-plugin
[INFO] 
[INFO] --------------------< com.aliyun:facebody20191230 >---------------------
[INFO] Building facebody20191230 0.2.6
[INFO] --------------------------------[ jar ]---------------------------------
[WARNING] The POM for com.aliyun:openplatform20191219:jar:0.0.1 is missing, no dependency information available
[INFO] ------------------------------------------------------------------------
[INFO] BUILD FAILURE
[INFO] ------------------------------------------------------------------------
[INFO] Total time:  2.000 s
[INFO] Finished at: 2020-07-02T14:22:04+08:00
[INFO] ------------------------------------------------------------------------
[ERROR] Failed to execute goal on project facebody20191230: Could not resolve dependencies for project com.aliyun:facebody20191230:jar:0.2.6: Failure to find com.aliyun:openplatform20191219:jar:0.0.1 in https://maven.aliyun.com/nexus/content/groups/public/ was cached in the local repository, resolution will not be reattempted until the update interval of central has elapsed or updates are forced -> [Help 1]
[ERROR] 
[ERROR] To see the full stack trace of the errors, re-run Maven with the -e switch.
[ERROR] Re-run Maven using the -X switch to enable full debug logging.
[ERROR] 
[ERROR] For more information about the errors and possible solutions, please read the following articles:
[ERROR] [Help 1] http://cwiki.apache.org/confluence/display/MAVEN/DependencyResolutionException


[stderr] 

-----------------

